2024-07-16T03:53:38.1765926-04:00	INFO	[JoltMain]	[0]	Jolt server initializing.
2024-07-16T03:53:38.2723791-04:00	INFO	[TwitchMain]	[0]	Initializing Twitch connections.
2024-07-16T03:53:38.6004375-04:00	INFO	[TwitchMain]	[0]	Checking channel token.
2024-07-16T03:53:38.7215047-04:00	INFO	[TwitchMain]	[0]	Checking bot token.
2024-07-16T03:53:39.1028082-04:00	WARN	[TwitchMain]	[0]	bot token is invalid, regenerating...
2024-07-16T03:53:39.1028082-04:00	WARN	[TwitchMain]	[0]	channel token is invalid, regenerating...
2024-07-16T03:54:30.4661951-04:00	INFO	[JoltMain]	[0]	Jolt server initializing.
2024-07-16T03:54:30.5065489-04:00	INFO	[TwitchMain]	[0]	Initializing Twitch connections.
2024-07-16T03:54:30.6080961-04:00	INFO	[TwitchMain]	[0]	Checking channel token.
2024-07-16T03:54:30.7515121-04:00	INFO	[TwitchMain]	[0]	Checking bot token.
2024-07-16T03:54:31.2530883-04:00	WARN	[TwitchMain]	[0]	bot token is invalid, regenerating...
2024-07-16T03:54:31.2530883-04:00	WARN	[TwitchMain]	[0]	channel token is invalid, regenerating...
2024-07-16T03:54:48.7202710-04:00	INFO	[JoltMain]	[0]	Jolt server initializing.
2024-07-16T03:54:48.7420280-04:00	INFO	[TwitchMain]	[0]	Initializing Twitch connections.
2024-07-16T03:54:48.8133165-04:00	INFO	[TwitchMain]	[0]	Checking channel token.
2024-07-16T03:54:48.9084765-04:00	INFO	[TwitchMain]	[0]	Checking bot token.
2024-07-16T03:54:59.8069316-04:00	WARN	[TwitchMain]	[0]	bot token is invalid, regenerating...
2024-07-16T03:54:59.8077154-04:00	WARN	[TwitchMain]	[0]	channel token is invalid, regenerating...
2024-07-16T03:56:44.1925755-04:00	INFO	[JoltMain]	[0]	Jolt server initializing.
2024-07-16T03:56:44.2141908-04:00	INFO	[TwitchMain]	[0]	Initializing Twitch connections.
2024-07-16T03:56:44.2931829-04:00	INFO	[TwitchMain]	[0]	Checking channel token.
2024-07-16T03:56:44.3948613-04:00	INFO	[TwitchMain]	[0]	Checking bot token.
2024-07-16T03:56:44.9826488-04:00	FAIL	[TwitchMain]	[0]	bot token username shadowfoxnixill does not match expected username ShadowFoxNixill
2024-07-16T03:56:44.9826488-04:00	FAIL	[TwitchMain]	[0]	channel token username nixillshadowfox does not match expected username NixillShadowFox
2024-07-16T03:57:18.9052879-04:00	INFO	[JoltMain]	[0]	Jolt server initializing.
2024-07-16T03:57:18.9292994-04:00	INFO	[TwitchMain]	[0]	Initializing Twitch connections.
2024-07-16T03:57:19.0057429-04:00	INFO	[TwitchMain]	[0]	Checking channel token.
2024-07-16T03:57:19.1102150-04:00	INFO	[TwitchMain]	[0]	Checking bot token.
2024-07-16T03:57:19.6180257-04:00	INFO	[TwitchMain]	[0]	bot token scopes: channel:moderate, chat:edit, chat:read, moderator:manage:announcements, moderator:manage:shoutouts, moderator:manage:warnings, user:bot, user:read:chat, user:write:chat, whispers:read
2024-07-16T03:57:19.6180377-04:00	INFO	[TwitchMain]	[0]	channel token scopes: bits:read, channel:bot, channel:edit:commercial, channel:manage:ads, channel:manage:broadcast, channel:manage:polls, channel:manage:predictions, channel:manage:raids, channel:manage:redemptions, channel:manage:schedule, channel:manage:videos, channel:manage:vips, channel:read:ads, channel:read:hype_train, channel:read:polls, channel:read:predictions, channel:read:redemptions, channel:read:subscriptions, channel:read:vips, clips:edit, moderation:read, moderator:manage:announcements, moderator:manage:automod, moderator:manage:automod_settings, moderator:manage:banned_users, moderator:manage:blocked_terms, moderator:manage:chat_messages, moderator:manage:chat_settings, moderator:manage:shield_mode, moderator:manage:shoutouts, moderator:manage:unban_requests, moderator:manage:warnings, moderator:read:automod_settings, moderator:read:blocked_terms, moderator:read:chat_settings, moderator:read:chatters, moderator:read:followers, moderator:read:shield_mode, moderator:read:shoutouts, moderator:read:unban_requests, moderator:read:warnings, user:read:email, whispers:read
2024-07-16T03:57:19.6180645-04:00	INFO	[TwitchMain]	[0]	bot token username: shadowfoxnixill
2024-07-16T03:57:19.6180676-04:00	INFO	[TwitchMain]	[0]	channel token username: nixillshadowfox
2024-07-16T03:57:19.8600129-04:00	INFO	[TwitchBot]	[0]	Attempting to connect...
2024-07-16T03:57:19.8704728-04:00	INFO	[TwitchLib.Client.TwitchClient]	[LogInitialized]	TwitchLib-TwitchClient initialized, assembly version: 4.0.0.0
2024-07-16T03:57:19.9423150-04:00	INFO	[TwitchLib.Client.TwitchClient]	[LogConnecting]	Connecting Twitch Chat Client...
2024-07-16T03:57:20.2735470-04:00	INFO	[TwitchLib.Client.TwitchClient]	[LogJoiningChannel]	Joining channel: NixillShadowFox
2024-07-16T03:57:20.3830803-04:00	INFO	[TwitchBot]	[0]	Connection established.
2024-07-16T03:57:20.4210794-04:00	INFO	[TwitchBot]	[0]	Jolt chatbot connected to nixillshadowfox.
2024-07-16T12:02:45.3385898-04:00	INFO	[JoltMain]	[0]	Jolt server initializing.
2024-07-16T12:02:45.3623136-04:00	INFO	[TwitchMain]	[0]	Initializing Twitch connections.
2024-07-16T12:02:45.4282375-04:00	INFO	[TwitchMain]	[0]	Checking channel token.
2024-07-16T12:02:45.5222183-04:00	INFO	[TwitchMain]	[0]	Checking bot token.
2024-07-16T12:02:45.9056659-04:00	WARN	[TwitchMain]	[0]	channel token is invalid, regenerating...
2024-07-16T12:02:45.9056648-04:00	WARN	[TwitchMain]	[0]	bot token is invalid, regenerating...
2024-07-16T12:03:01.5285913-04:00	INFO	[JoltMain]	[0]	Jolt server initializing.
2024-07-16T12:03:01.5475024-04:00	INFO	[TwitchMain]	[0]	Initializing Twitch connections.
2024-07-16T12:03:01.5997027-04:00	INFO	[TwitchMain]	[0]	Checking channel token.
2024-07-16T12:03:01.6769925-04:00	INFO	[TwitchMain]	[0]	Checking bot token.
2024-07-16T12:03:02.0510746-04:00	WARN	[TwitchMain]	[0]	bot token is invalid, regenerating...
2024-07-16T12:03:02.0511100-04:00	WARN	[TwitchMain]	[0]	channel token is invalid, regenerating...
2024-07-16T12:04:49.2099180-04:00	INFO	[JoltMain]	[0]	Jolt server initializing.
2024-07-16T12:04:49.2316946-04:00	INFO	[TwitchMain]	[0]	Initializing Twitch connections.
2024-07-16T12:04:49.2930996-04:00	INFO	[TwitchMain]	[0]	Checking channel token.
2024-07-16T12:04:49.3868645-04:00	INFO	[TwitchMain]	[0]	Checking bot token.
2024-07-16T12:04:49.7701555-04:00	WARN	[TwitchMain]	[0]	channel token is invalid, regenerating...
2024-07-16T12:04:49.7701541-04:00	WARN	[TwitchMain]	[0]	bot token is invalid, regenerating...
2024-07-16T13:44:59.3113038-04:00	INFO	[JoltMain]	[0]	Jolt server initializing.
2024-07-16T13:44:59.3296668-04:00	INFO	[TwitchMain]	[0]	Initializing Twitch connections.
2024-07-16T13:44:59.3884438-04:00	INFO	[TwitchMain]	[0]	Checking channel token.
2024-07-16T13:44:59.4162676-04:00	INFO	[TwitchLib.Api.Core.HttpCallHandlers.TwitchHttpClient]	[0]	Timestamp: 07/16/2024 13:44:59 Type: Request Method: GET Resource: https://id.twitch.tv/oauth2/validate
2024-07-16T13:44:59.4713935-04:00	INFO	[TwitchMain]	[0]	Checking bot token.
2024-07-16T13:44:59.4715496-04:00	INFO	[TwitchLib.Api.Core.HttpCallHandlers.TwitchHttpClient]	[0]	Timestamp: 07/16/2024 13:44:59 Type: Request Method: GET Resource: https://id.twitch.tv/oauth2/validate
2024-07-16T13:44:59.8551328-04:00	FAIL	[TwitchLib.Api.Core.HttpCallHandlers.TwitchHttpClient]	[0]	Timestamp: 07/16/2024 13:44:59 Type: Response Resource: https://id.twitch.tv/oauth2/validate Statuscode: 401 Elapsed: 381 ms Content: {"status":401,"message":"invalid access token"}

2024-07-16T13:44:59.8551328-04:00	FAIL	[TwitchLib.Api.Core.HttpCallHandlers.TwitchHttpClient]	[0]	Timestamp: 07/16/2024 13:44:59 Type: Response Resource: https://id.twitch.tv/oauth2/validate Statuscode: 401 Elapsed: 437 ms Content: {"status":401,"message":"invalid access token"}

2024-07-16T13:44:59.8580812-04:00	WARN	[TwitchMain]	[0]	bot token is invalid, regenerating...
2024-07-16T13:44:59.8580807-04:00	WARN	[TwitchMain]	[0]	channel token is invalid, regenerating...
